<?xml version="1.0" encoding="UTF-8"?>
<!-- Generated by org.testng.reporters.JUnitReportReporter -->
<testsuite hostname="Revision-PC" failures="0" tests="5" name="testRunner.TestNGTestRunner" time="0.384" errors="0" timestamp="2025-03-20T14:14:05 IST" skipped="0">
  <testcase classname="testRunner.TestNGTestRunner" name="runScenario" time="0.044"/>
  <testcase classname="testRunner.TestNGTestRunner" name="runScenario" time="0.191"/>
  <testcase classname="testRunner.TestNGTestRunner" name="runScenario" time="0.033"/>
  <testcase classname="testRunner.TestNGTestRunner" name="runScenario" time="0.074"/>
  <testcase classname="testRunner.TestNGTestRunner" name="runScenario" time="0.042"/>
</testsuite> <!-- testRunner.TestNGTestRunner -->
