<?xml version="1.0" encoding="UTF-8"?>
<!-- Generated by org.testng.reporters.JUnitReportReporter -->
<testsuite hostname="Revision-PC" failures="0" tests="2" name="com.testngexample.ParallelTestSameBrowser" time="12.595" errors="0" timestamp="2025-02-27T21:51:53 IST" skipped="0">
  <testcase classname="com.testngexample.ParallelTestSameBrowser" name="openGooglePage" time="6.219"/>
  <system-out/>
  <testcase classname="com.testngexample.ParallelTestSameBrowser" name="openYahooPage" time="6.376"/>
  <system-out/>
</testsuite> <!-- com.testngexample.ParallelTestSameBrowser -->
