<?xml version="1.0" encoding="UTF-8"?>
<!-- Generated by org.testng.reporters.JUnitReportReporter -->
<testsuite hostname="Revision-PC" failures="0" tests="2" name="com.testngexample.ParallelExecution" time="16.794" errors="0" timestamp="2025-02-27T02:51:26 IST" skipped="0">
  <testcase classname="com.testngexample.ParallelExecution" name="openYahooPage" time="11.292"/>
  <system-out/>
  <testcase classname="com.testngexample.ParallelExecution" name="openYahooPage" time="5.502"/>
  <system-out/>
</testsuite> <!-- com.testngexample.ParallelExecution -->
