<?xml version="1.0" encoding="UTF-8"?>
<!-- Generated by org.testng.reporters.JUnitReportReporter -->
<testsuite hostname="Revision-PC" failures="0" tests="1" name="com.testngexample.LoginTest" time="0.007" errors="0" timestamp="2025-02-25T22:45:06 IST" skipped="0">
  <testcase classname="com.testngexample.LoginTest" name="LogintestFunc" time="0.007"/>
  <system-out/>
</testsuite> <!-- com.testngexample.LoginTest -->
