<?xml version="1.0" encoding="UTF-8"?>
<!-- Generated by org.testng.reporters.JUnitReportReporter -->
<testsuite hostname="Revision-PC" failures="0" tests="1" name="com.testngexample.MockitoTest_Isolation" time="1.585" errors="1" timestamp="2025-03-23T14:32:08 IST" skipped="0">
  <testcase classname="com.testngexample.MockitoTest_Isolation" name="test_On_Start" time="1.585">
    <error message="
Mockito cannot mock this class: interface org.testng.ITestContext.

If you&#039;re not sure why you&#039;re getting this error, please open an issue on GitHub.


Java               : 20
JVM vendor name    : Oracle Corporation
JVM vendor version : 20+36-2344
JVM name           : Java HotSpot(TM) 64-Bit Server VM
JVM version        : 20+36-2344
JVM info           : mixed mode, sharing
OS name            : Windows 10
OS version         : 10.0


You are seeing this disclaimer because Mockito is configured to create inlined mocks.
You can learn about inline mocks and their limitations under item #39 of the Mockito class javadoc.

Underlying exception : org.mockito.exceptions.base.MockitoException: Could not modify all classes [interface org.testng.ITestContext, interface org.testng.IAttributes]" type="org.mockito.exceptions.base.MockitoException">
      <![CDATA[org.mockito.exceptions.base.MockitoException: 
Mockito cannot mock this class: interface org.testng.ITestContext.

If you're not sure why you're getting this error, please open an issue on GitHub.


Java               : 20
JVM vendor name    : Oracle Corporation
JVM vendor version : 20+36-2344
JVM name           : Java HotSpot(TM) 64-Bit Server VM
JVM version        : 20+36-2344
JVM info           : mixed mode, sharing
OS name            : Windows 10
OS version         : 10.0


You are seeing this disclaimer because Mockito is configured to create inlined mocks.
You can learn about inline mocks and their limitations under item #39 of the Mockito class javadoc.

Underlying exception : org.mockito.exceptions.base.MockitoException: Could not modify all classes [interface org.testng.ITestContext, interface org.testng.IAttributes]
at com.testngexample.MockitoTest_Isolation.test_On_Start(MockitoTest_Isolation.java:11)
at java.base/jdk.internal.reflect.DirectMethodHandleAccessor.invoke(DirectMethodHandleAccessor.java:104)
at java.base/java.lang.reflect.Method.invoke(Method.java:578)
at org.testng.internal.MethodInvocationHelper.invokeMethod(MethodInvocationHelper.java:133)
at org.testng.internal.TestInvoker.invokeMethod(TestInvoker.java:598)
at org.testng.internal.TestInvoker.invokeTestMethod(TestInvoker.java:173)
at org.testng.internal.MethodRunner.runInSequence(MethodRunner.java:46)
at org.testng.internal.TestInvoker$MethodInvocationAgent.invoke(TestInvoker.java:824)
at org.testng.internal.TestInvoker.invokeTestMethods(TestInvoker.java:146)
at org.testng.internal.TestMethodWorker.invokeTestMethods(TestMethodWorker.java:146)
at org.testng.internal.TestMethodWorker.run(TestMethodWorker.java:128)
at java.base/java.util.ArrayList.forEach(ArrayList.java:1511)
at org.testng.TestRunner.privateRun(TestRunner.java:794)
at org.testng.TestRunner.run(TestRunner.java:596)
at org.testng.SuiteRunner.runTest(SuiteRunner.java:377)
at org.testng.SuiteRunner.runSequentially(SuiteRunner.java:371)
at org.testng.SuiteRunner.privateRun(SuiteRunner.java:332)
at org.testng.SuiteRunner.run(SuiteRunner.java:276)
at org.testng.SuiteRunnerWorker.runSuite(SuiteRunnerWorker.java:53)
at org.testng.SuiteRunnerWorker.run(SuiteRunnerWorker.java:96)
at org.testng.TestNG.runSuitesSequentially(TestNG.java:1212)
at org.testng.TestNG.runSuitesLocally(TestNG.java:1134)
at org.testng.TestNG.runSuites(TestNG.java:1063)
at org.testng.TestNG.run(TestNG.java:1031)
at org.testng.remote.AbstractRemoteTestNG.run(AbstractRemoteTestNG.java:115)
at org.testng.remote.RemoteTestNG.initAndRun(RemoteTestNG.java:293)
at org.testng.remote.RemoteTestNG.main(RemoteTestNG.java:91)
Caused by: org.mockito.exceptions.base.MockitoException: Could not modify all classes [interface org.testng.ITestContext, interface org.testng.IAttributes]
at net.bytebuddy.TypeCache.findOrInsert(TypeCache.java:168)
at net.bytebuddy.TypeCache$WithInlineExpunction.findOrInsert(TypeCache.java:399)
at net.bytebuddy.TypeCache.findOrInsert(TypeCache.java:190)
at net.bytebuddy.TypeCache$WithInlineExpunction.findOrInsert(TypeCache.java:410)
... 27 more
Caused by: java.lang.IllegalStateException: 
Byte Buddy could not instrument all classes within the mock's type hierarchy

This problem should never occur for javac-compiled classes. This problem has been observed for classes that are:
 - Compiled by older versions of scalac
 - Classes that are part of the Android distribution
at org.mockito.internal.creation.bytebuddy.InlineBytecodeGenerator.triggerRetransformation(InlineBytecodeGenerator.java:291)
at org.mockito.internal.creation.bytebuddy.InlineBytecodeGenerator.mockClass(InlineBytecodeGenerator.java:220)
at org.mockito.internal.creation.bytebuddy.TypeCachingBytecodeGenerator.lambda$mockClass$0(TypeCachingBytecodeGenerator.java:78)
at net.bytebuddy.TypeCache.findOrInsert(TypeCache.java:168)
at net.bytebuddy.TypeCache$WithInlineExpunction.findOrInsert(TypeCache.java:399)
at net.bytebuddy.TypeCache.findOrInsert(TypeCache.java:190)
at net.bytebuddy.TypeCache$WithInlineExpunction.findOrInsert(TypeCache.java:410)
at org.mockito.internal.creation.bytebuddy.TypeCachingBytecodeGenerator.mockClass(TypeCachingBytecodeGenerator.java:75)
at org.mockito.internal.creation.bytebuddy.InlineDelegateByteBuddyMockMaker.createMockType(InlineDelegateByteBuddyMockMaker.java:429)
at org.mockito.internal.creation.bytebuddy.InlineDelegateByteBuddyMockMaker.doCreateMock(InlineDelegateByteBuddyMockMaker.java:388)
at org.mockito.internal.creation.bytebuddy.InlineDelegateByteBuddyMockMaker.createMock(InlineDelegateByteBuddyMockMaker.java:367)
at org.mockito.internal.creation.bytebuddy.InlineByteBuddyMockMaker.createMock(InlineByteBuddyMockMaker.java:56)
at org.mockito.internal.util.MockUtil.createMock(MockUtil.java:99)
at org.mockito.internal.MockitoCore.mock(MockitoCore.java:84)
at org.mockito.Mockito.mock(Mockito.java:2198)
at org.mockito.Mockito.mock(Mockito.java:2113)
... 27 more
Caused by: java.lang.NoClassDefFoundError: com/google/inject/Injector
at java.base/java.lang.Class.getDeclaredMethods0(Native Method)
at java.base/java.lang.Class.privateGetDeclaredMethods(Class.java:3502)
at java.base/java.lang.Class.getDeclaredMethods(Class.java:2601)
at net.bytebuddy.description.method.MethodList$ForLoadedMethods.<init>(MethodList.java:152)
at net.bytebuddy.description.type.TypeDescription$ForLoadedType.getDeclaredMethods(TypeDescription.java:8944)
at net.bytebuddy.dynamic.scaffold.InstrumentedType$Factory$Default$1.represent(InstrumentedType.java:439)
at net.bytebuddy.ByteBuddy.redefine(ByteBuddy.java:923)
at net.bytebuddy.ByteBuddy.redefine(ByteBuddy.java:898)
at org.mockito.internal.creation.bytebuddy.InlineBytecodeGenerator.transform(InlineBytecodeGenerator.java:396)
at java.instrument/java.lang.instrument.ClassFileTransformer.transform(ClassFileTransformer.java:244)
at java.instrument/sun.instrument.TransformerManager.transform(TransformerManager.java:188)
at java.instrument/sun.instrument.InstrumentationImpl.transform(InstrumentationImpl.java:541)
at java.instrument/sun.instrument.InstrumentationImpl.retransformClasses0(Native Method)
at java.instrument/sun.instrument.InstrumentationImpl.retransformClasses(InstrumentationImpl.java:169)
at org.mockito.internal.creation.bytebuddy.InlineBytecodeGenerator.triggerRetransformation(InlineBytecodeGenerator.java:287)
... 42 more
Caused by: java.lang.ClassNotFoundException: com.google.inject.Injector
at java.base/jdk.internal.loader.BuiltinClassLoader.loadClass(BuiltinClassLoader.java:641)
at java.base/jdk.internal.loader.ClassLoaders$AppClassLoader.loadClass(ClassLoaders.java:188)
at java.base/java.lang.ClassLoader.loadClass(ClassLoader.java:521)
... 57 more
]]>
    </error>
  </testcase> <!-- test_On_Start -->
  <system-out/>
</testsuite> <!-- com.testngexample.MockitoTest_Isolation -->
