<?xml version="1.0" encoding="UTF-8"?>
<!-- Generated by org.testng.reporters.JUnitReportReporter -->
<testsuite hostname="Revision-PC" failures="0" tests="4" name="com.testngexample.GroupingExample" time="0.039" errors="0" timestamp="2025-02-26T18:21:23 IST" skipped="0">
  <testcase classname="com.testngexample.GroupingExample" name="Login" time="0.022"/>
  <system-out/>
  <testcase classname="com.testngexample.GroupingExample" name="addItemToCart" time="0.006"/>
  <system-out/>
  <testcase classname="com.testngexample.GroupingExample" name="openBrowser" time="0.007"/>
  <system-out/>
  <testcase classname="com.testngexample.GroupingExample" name="placeOrder" time="0.004"/>
  <system-out/>
</testsuite> <!-- com.testngexample.GroupingExample -->
