<?xml version="1.0" encoding="UTF-8"?>
<!-- Generated by org.testng.reporters.JUnitReportReporter -->
<testsuite hostname="Revision-PC" failures="0" tests="4" name="com.testngexample.ExecutionOrderExample" time="0.033" errors="0" timestamp="2025-02-26T18:04:39 IST" skipped="0">
  <testcase classname="com.testngexample.ExecutionOrderExample" name="openBrowser" time="0.022"/>
  <system-out/>
  <testcase classname="com.testngexample.ExecutionOrderExample" name="Login" time="0.006"/>
  <system-out/>
  <testcase classname="com.testngexample.ExecutionOrderExample" name="addItemToCart" time="0.003"/>
  <system-out/>
  <testcase classname="com.testngexample.ExecutionOrderExample" name="placeOrder" time="0.002"/>
  <system-out/>
</testsuite> <!-- com.testngexample.ExecutionOrderExample -->
