<?xml version="1.0" encoding="UTF-8"?>
<!-- Generated by org.testng.reporters.JUnitReportReporter -->
<testsuite hostname="Revision-PC" failures="0" tests="1" name="com.testngexample.DataProviderExample" time="10.622" errors="0" timestamp="2025-02-26T12:31:07 IST" skipped="0">
  <testcase classname="com.testngexample.DataProviderExample" name="LoginTest" time="10.622"/>
  <system-out/>
</testsuite> <!-- com.testngexample.DataProviderExample -->
