<?xml version="1.0" encoding="UTF-8"?>
<!-- Generated by org.testng.reporters.JUnitReportReporter -->
<testsuite hostname="Revision-PC" failures="0" tests="1" name="com.testngexample.AllAnnotationExample" time="0.024" errors="0" timestamp="2025-02-25T22:45:06 IST" skipped="0">
  <testcase classname="com.testngexample.AllAnnotationExample" name="testCase1" time="0.024"/>
  <system-out/>
</testsuite> <!-- com.testngexample.AllAnnotationExample -->
