<?xml version="1.0" encoding="UTF-8"?>
<!-- Generated by org.testng.reporters.JUnitReportReporter -->
<testsuite hostname="Revision-PC" failures="0" tests="3" name="com.datadrivenexamples.DataProviderClassEx" time="0.071" errors="0" timestamp="2025-03-08T22:29:44 IST" skipped="0">
  <testcase classname="com.datadrivenexamples.DataProviderClassEx" name="sampleTest" time="0.008"/>
  <system-out/>
  <testcase classname="com.datadrivenexamples.DataProviderClassEx" name="sampleTest" time="0.049"/>
  <system-out/>
  <testcase classname="com.datadrivenexamples.DataProviderClassEx" name="sampleTest" time="0.014"/>
  <system-out/>
</testsuite> <!-- com.datadrivenexamples.DataProviderClassEx -->
