<?xml version="1.0" encoding="UTF-8"?>
<!-- Generated by org.testng.reporters.JUnitReportReporter -->
<testsuite hostname="Revision-PC" failures="0" tests="1" name="com.testcases.AmazonSearchTestCase" time="17.666" errors="0" timestamp="2025-02-28T02:23:19 IST" skipped="0">
  <testcase classname="com.testcases.AmazonSearchTestCase" name="amazonSearchTest" time="17.666"/>
  <system-out/>
</testsuite> <!-- com.testcases.AmazonSearchTestCase -->
