<?xml version="1.0" encoding="UTF-8"?>
<!-- Generated by org.testng.reporters.JUnitReportReporter -->
<testsuite hostname="Revision-PC" failures="0" tests="1" name="com.datadrivenexamples.ReadAndWriteFromPropertyFile" time="9.086" errors="0" timestamp="2025-02-28T15:19:18 IST" skipped="0">
  <testcase classname="com.datadrivenexamples.ReadAndWriteFromPropertyFile" name="amazonSearchTest" time="9.086"/>
  <system-out/>
</testsuite> <!-- com.datadrivenexamples.ReadAndWriteFromPropertyFile -->
