<?xml version="1.0" encoding="UTF-8"?>
<!-- Generated by org.testng.reporters.JUnitReportReporter -->
<testsuite hostname="Revision-PC" failures="0" tests="1" name="com.testcases.LoginPageFactoryTestCase" time="10.807" errors="0" timestamp="2025-02-28T03:19:07 IST" skipped="0">
  <testcase classname="com.testcases.LoginPageFactoryTestCase" name="LoginTestCase" time="10.807"/>
  <system-out/>
</testsuite> <!-- com.testcases.LoginPageFactoryTestCase -->
