<?xml version="1.0" encoding="UTF-8"?>
<!-- Generated by org.testng.reporters.JUnitReportReporter -->
<testsuite hostname="Revision-PC" failures="0" tests="1" name="com.datadrivenexamples.ExcelReadAndWriteExample" time="14.751" errors="0" timestamp="2025-03-01T02:11:04 IST" skipped="0">
  <testcase classname="com.datadrivenexamples.ExcelReadAndWriteExample" name="SearchTest" time="14.751"/>
  <system-out/>
</testsuite> <!-- com.datadrivenexamples.ExcelReadAndWriteExample -->
