<?xml version="1.0" encoding="UTF-8"?>
<!-- Generated by org.testng.reporters.JUnitReportReporter -->
<testsuite hostname="Revision-PC" failures="0" tests="1" name="com.datadrivenexamples.ReadCSV" time="0.024" errors="0" timestamp="2025-03-08T17:03:11 IST" skipped="0">
  <testcase classname="com.datadrivenexamples.ReadCSV" name="ReadCSVExample" time="0.024"/>
  <system-out/>
</testsuite> <!-- com.datadrivenexamples.ReadCSV -->
