<?xml version="1.0" encoding="UTF-8"?>
<!-- Generated by org.testng.reporters.JUnitReportReporter -->
<testsuite hostname="Revision-PC" failures="0" tests="1" name="testRunner.TestRunner" time="7.789" errors="0" timestamp="2025-03-21T14:32:20 IST" skipped="0">
  <testcase classname="testRunner.TestRunner" name="runScenario" time="7.789"/>
</testsuite> <!-- testRunner.TestRunner -->
